{"C:\\UnitTestRest\\arrayMatches.js": {"path":"C:\\UnitTestRest\\arrayMatches.js","statementMap":{"0":{"start":{"line":1,"column":10},"end":{"line":1,"column":22}},"1":{"start":{"line":2,"column":10},"end":{"line":5,"column":1}},"2":{"start":{"line":6,"column":0},"end":{"line":6,"column":30}}},"fnMap":{},"branchMap":{},"s":{"0":1,"1":1,"2":1},"f":{},"b":{},"_coverageSchema":"1a1c01bbd47fc00a2c39e90264f33305004495a9","hash":"1cfa58327fe192fd97b71e5c0fff6128c54f60c7"}
,"C:\\UnitTestRest\\fakeAPI.js": {"path":"C:\\UnitTestRest\\fakeAPI.js","statementMap":{"0":{"start":{"line":1,"column":16},"end":{"line":6,"column":1}},"1":{"start":{"line":8,"column":21},"end":{"line":12,"column":1}},"2":{"start":{"line":13,"column":0},"end":{"line":13,"column":47}}},"fnMap":{},"branchMap":{},"s":{"0":1,"1":1,"2":1},"f":{},"b":{},"_coverageSchema":"1a1c01bbd47fc00a2c39e90264f33305004495a9","hash":"88ceb99d1d158fdd823111a17e11e8ee780ed47c"}
,"C:\\UnitTestRest\\input.js": {"path":"C:\\UnitTestRest\\input.js","statementMap":{"0":{"start":{"line":2,"column":2},"end":{"line":4,"column":3}},"1":{"start":{"line":3,"column":4},"end":{"line":3,"column":21}},"2":{"start":{"line":5,"column":2},"end":{"line":12,"column":3}},"3":{"start":{"line":6,"column":4},"end":{"line":8,"column":5}},"4":{"start":{"line":7,"column":6},"end":{"line":7,"column":31}},"5":{"start":{"line":9,"column":4},"end":{"line":11,"column":5}},"6":{"start":{"line":10,"column":6},"end":{"line":10,"column":23}},"7":{"start":{"line":13,"column":2},"end":{"line":15,"column":3}},"8":{"start":{"line":14,"column":4},"end":{"line":14,"column":33}},"9":{"start":{"line":17,"column":2},"end":{"line":17,"column":14}},"10":{"start":{"line":19,"column":0},"end":{"line":19,"column":26}}},"fnMap":{"0":{"name":"testName","decl":{"start":{"line":1,"column":9},"end":{"line":1,"column":17}},"loc":{"start":{"line":1,"column":24},"end":{"line":18,"column":1}},"line":1}},"branchMap":{"0":{"loc":{"start":{"line":2,"column":2},"end":{"line":4,"column":3}},"type":"if","locations":[{"start":{"line":2,"column":2},"end":{"line":4,"column":3}},{"start":{},"end":{}}],"line":2},"1":{"loc":{"start":{"line":2,"column":6},"end":{"line":2,"column":45}},"type":"binary-expr","locations":[{"start":{"line":2,"column":6},"end":{"line":2,"column":24}},{"start":{"line":2,"column":28},"end":{"line":2,"column":45}}],"line":2},"2":{"loc":{"start":{"line":5,"column":2},"end":{"line":12,"column":3}},"type":"if","locations":[{"start":{"line":5,"column":2},"end":{"line":12,"column":3}},{"start":{},"end":{}}],"line":5},"3":{"loc":{"start":{"line":9,"column":4},"end":{"line":11,"column":5}},"type":"if","locations":[{"start":{"line":9,"column":4},"end":{"line":11,"column":5}},{"start":{},"end":{}}],"line":9},"4":{"loc":{"start":{"line":13,"column":2},"end":{"line":15,"column":3}},"type":"if","locations":[{"start":{"line":13,"column":2},"end":{"line":15,"column":3}},{"start":{},"end":{}}],"line":13}},"s":{"0":7,"1":2,"2":5,"3":3,"4":9,"5":3,"6":1,"7":4,"8":2,"9":4,"10":1},"f":{"0":7},"b":{"0":[2,5],"1":[7,6],"2":[3,2],"3":[1,2],"4":[2,2]},"_coverageSchema":"1a1c01bbd47fc00a2c39e90264f33305004495a9","hash":"2d2d87ad64b5f1a2ba1cffecf5c5bec1f0090587"}
}
